Using pre-set license
Built from '2020.3/release' branch; Version is '2020.3.1f1 (77a89f25062f) revision 7841951'; Using compiler version '192528614'; Build Type 'Release'
OS: 'Windows 10 Pro; OS build 18363.592; Version 1909; 64bit' Language: 'en' Physical Memory: 16315 MB
BatchMode: 1, IsHumanControllingUs: 0, StartBugReporterOnCrash: 0, Is64bit: 1, IsPro: 0

 COMMAND LINE ARGUMENTS:
F:\Unity\2020.3.1f1\Editor\Unity.exe
-adb2
-batchMode
-noUpm
-name
AssetImportWorker0
-projectPath
C:/Users/Robson/Desktop/DeskStuff/New folder/DeskStuff 2k21/Supergeeks/Fase7/f8_sablts
-logFile
Logs/AssetImportWorker0.log
-srvPort
59528
Successfully changed project path to: C:/Users/Robson/Desktop/DeskStuff/New folder/DeskStuff 2k21/Supergeeks/Fase7/f8_sablts
C:/Users/Robson/Desktop/DeskStuff/New folder/DeskStuff 2k21/Supergeeks/Fase7/f8_sablts
Using Asset Import Pipeline V2.
Refreshing native plugins compatible for Editor in 73.42 ms, found 1 plugins.
Preloading 0 native plugins for Editor in 0.00 ms.
Initialize engine version: 2020.3.1f1 (77a89f25062f)
[Subsystems] Discovering subsystems at path F:/Unity/2020.3.1f1/Editor/Data/Resources/UnitySubsystems
[Subsystems] Discovering subsystems at path C:/Users/Robson/Desktop/DeskStuff/New folder/DeskStuff 2k21/Supergeeks/Fase7/f8_sablts/Assets
GfxDevice: creating device client; threaded=0
Direct3D:
    Version:  Direct3D 11.0 [level 11.1]
    Renderer: NVIDIA GeForce GTX 960 (ID=0x1401)
    Vendor:   
    VRAM:     2007 MB
    Driver:   27.21.14.6140
Shader 'Universal Render Pipeline/Particles/Lit': fallback shader 'Universal Render Pipeline/Particles/SimpleLit' not found
Initialize mono
Mono path[0] = 'F:/Unity/2020.3.1f1/Editor/Data/Managed'
Mono path[1] = 'F:/Unity/2020.3.1f1/Editor/Data/MonoBleedingEdge/lib/mono/unityjit'
Mono config path = 'F:/Unity/2020.3.1f1/Editor/Data/MonoBleedingEdge/etc'
Using monoOptions --debugger-agent=transport=dt_socket,embedding=1,server=y,suspend=n,address=127.0.0.1:56176
Begin MonoManager ReloadAssembly
Registering precompiled unity dll's ...
Register platform support module: F:/Unity/2020.3.1f1/Editor/Data/PlaybackEngines/WindowsStandaloneSupport/UnityEditor.WindowsStandalone.Extensions.dll
Registered in 0.001076 seconds.
Native extension for WindowsStandalone target not found
Refreshing native plugins compatible for Editor in 67.53 ms, found 1 plugins.
Preloading 0 native plugins for Editor in 0.00 ms.
Invoked RoslynAnalysisRunner static constructor.
RoslynAnalysisRunner will not be running.
RoslynAnalysisRunner has terminated.
Mono: successfully reloaded assembly
- Completed reload, in  1.960 seconds
Platform modules already initialized, skipping
Registering precompiled user dll's ...
Registered in 0.002736 seconds.
Begin MonoManager ReloadAssembly
Native extension for WindowsStandalone target not found
Refreshing native plugins compatible for Editor in 75.82 ms, found 1 plugins.
Preloading 0 native plugins for Editor in 0.00 ms.
Invoked RoslynAnalysisRunner static constructor.
RoslynAnalysisRunner will not be running.
RoslynAnalysisRunner has terminated.
Mono: successfully reloaded assembly
- Completed reload, in  1.373 seconds
Platform modules already initialized, skipping
========================================================================
Worker process is ready to serve import requests
Shader 'Universal Render Pipeline/Particles/Lit': fallback shader 'Universal Render Pipeline/Particles/SimpleLit' not found
Launched and connected shader compiler UnityShaderCompiler.exe after 0.05 seconds
Refreshing native plugins compatible for Editor in 0.61 ms, found 1 plugins.
Preloading 0 native plugins for Editor in 0.00 ms.
Unloading 3269 Unused Serialized files (Serialized files now loaded: 0)
System memory in use before: 141.2 MB.
System memory in use after: 141.3 MB.

Unloading 28 unused Assets to reduce memory usage. Loaded Objects now: 3714.
Total: 3.678800 ms (FindLiveObjects: 0.446900 ms CreateObjectMapping: 0.120500 ms MarkObjects: 2.919800 ms  DeleteObjects: 0.189700 ms)

========================================================================
Received Import Request.
  path: Assets/_GameAssets/Misc
  artifactKey: Guid(12ca88f87d2cd8948be1cfb7e5cbb035) Importer(815301076,1909f56bfc062723c751e8b465ee728b)
Start importing Assets/_GameAssets/Misc using Guid(12ca88f87d2cd8948be1cfb7e5cbb035) Importer(815301076,1909f56bfc062723c751e8b465ee728b)  -> (artifact id: '53a67cf4c427147032d9066cd62844c2') in 0.008588 seconds
  Import took 0.014376 seconds .

========================================================================
Received Import Request.
  Time since last request: 8.356824 seconds.
  path: Assets/_GameAssets/Misc/Warrior.cs
  artifactKey: Guid(2a42e726d980b7543b5af8db34ca7bdb) Importer(815301076,1909f56bfc062723c751e8b465ee728b)
Start importing Assets/_GameAssets/Misc/Warrior.cs using Guid(2a42e726d980b7543b5af8db34ca7bdb) Importer(815301076,1909f56bfc062723c751e8b465ee728b)  -> (artifact id: 'e2d1489687aa3fc173c25bad8e350432') in 0.040608 seconds
  Import took 0.049765 seconds .

========================================================================
Received Import Request.
  Time since last request: 0.001069 seconds.
  path: Assets/_GameAssets/Misc/Warrior.cs
  artifactKey: Guid(2a42e726d980b7543b5af8db34ca7bdb) Importer(815301076,1909f56bfc062723c751e8b465ee728b)
Start importing Assets/_GameAssets/Misc/Warrior.cs using Guid(2a42e726d980b7543b5af8db34ca7bdb) Importer(815301076,1909f56bfc062723c751e8b465ee728b)  -> (artifact id: 'e2d1489687aa3fc173c25bad8e350432') in 0.002252 seconds
  Import took 0.011075 seconds .

========================================================================
Received Prepare
Registering precompiled user dll's ...
Registered in 0.002809 seconds.
Begin MonoManager ReloadAssembly
Native extension for WindowsStandalone target not found
Refreshing native plugins compatible for Editor in 0.61 ms, found 1 plugins.
Preloading 0 native plugins for Editor in 0.00 ms.
Invoked RoslynAnalysisRunner static constructor.
RoslynAnalysisRunner will not be running.
RoslynAnalysisRunner has terminated.
Mono: successfully reloaded assembly
- Completed reload, in  1.284 seconds
Platform modules already initialized, skipping
Shader 'Universal Render Pipeline/Particles/Lit': fallback shader 'Universal Render Pipeline/Particles/SimpleLit' not found
Refreshing native plugins compatible for Editor in 0.65 ms, found 1 plugins.
Preloading 0 native plugins for Editor in 0.00 ms.
Unloading 3157 Unused Serialized files (Serialized files now loaded: 0)
System memory in use before: 135.0 MB.
System memory in use after: 135.1 MB.

Unloading 16 unused Assets to reduce memory usage. Loaded Objects now: 3719.
Total: 3.426200 ms (FindLiveObjects: 0.344200 ms CreateObjectMapping: 0.088500 ms MarkObjects: 2.855400 ms  DeleteObjects: 0.136800 ms)

========================================================================
Received Import Request.
  Time since last request: 10.244921 seconds.
  path: Assets/_GameAssets/Misc/Archer.cs
  artifactKey: Guid(f97dda98b399a7b45b49263238ebf509) Importer(815301076,1909f56bfc062723c751e8b465ee728b)
Start importing Assets/_GameAssets/Misc/Archer.cs using Guid(f97dda98b399a7b45b49263238ebf509) Importer(815301076,1909f56bfc062723c751e8b465ee728b)  -> (artifact id: '68d7d1a96b717b73ca62a33e29886b18') in 0.012895 seconds
  Import took 0.026066 seconds .

========================================================================
Received Prepare
Registering precompiled user dll's ...
Registered in 0.003881 seconds.
Begin MonoManager ReloadAssembly
Native extension for WindowsStandalone target not found
Refreshing native plugins compatible for Editor in 0.71 ms, found 1 plugins.
Preloading 0 native plugins for Editor in 0.00 ms.
Invoked RoslynAnalysisRunner static constructor.
RoslynAnalysisRunner will not be running.
RoslynAnalysisRunner has terminated.
Mono: successfully reloaded assembly
- Completed reload, in  1.201 seconds
Platform modules already initialized, skipping
Shader 'Universal Render Pipeline/Particles/Lit': fallback shader 'Universal Render Pipeline/Particles/SimpleLit' not found
Refreshing native plugins compatible for Editor in 0.89 ms, found 1 plugins.
Preloading 0 native plugins for Editor in 0.00 ms.
Unloading 3158 Unused Serialized files (Serialized files now loaded: 0)
System memory in use before: 135.1 MB.
System memory in use after: 135.2 MB.

Unloading 16 unused Assets to reduce memory usage. Loaded Objects now: 3724.
Total: 3.353800 ms (FindLiveObjects: 0.361700 ms CreateObjectMapping: 0.089900 ms MarkObjects: 2.761100 ms  DeleteObjects: 0.139700 ms)

========================================================================
Received Import Request.
  Time since last request: 9.296892 seconds.
  path: Assets/_GameAssets/Misc/mage.cs
  artifactKey: Guid(fc5f8c479c3df204faa0c0e6d2227379) Importer(815301076,1909f56bfc062723c751e8b465ee728b)
Start importing Assets/_GameAssets/Misc/mage.cs using Guid(fc5f8c479c3df204faa0c0e6d2227379) Importer(815301076,1909f56bfc062723c751e8b465ee728b)  -> (artifact id: '23cc65317297ab341b410a145052b0cc') in 0.012150 seconds
  Import took 0.022416 seconds .

========================================================================
Received Prepare
Registering precompiled user dll's ...
Registered in 0.004156 seconds.
Begin MonoManager ReloadAssembly
Native extension for WindowsStandalone target not found
Refreshing native plugins compatible for Editor in 1.23 ms, found 1 plugins.
Preloading 0 native plugins for Editor in 0.00 ms.
Invoked RoslynAnalysisRunner static constructor.
RoslynAnalysisRunner will not be running.
RoslynAnalysisRunner has terminated.
Mono: successfully reloaded assembly
- Completed reload, in  1.508 seconds
Platform modules already initialized, skipping
Shader 'Universal Render Pipeline/Particles/Lit': fallback shader 'Universal Render Pipeline/Particles/SimpleLit' not found
Refreshing native plugins compatible for Editor in 0.77 ms, found 1 plugins.
Preloading 0 native plugins for Editor in 0.00 ms.
Unloading 3159 Unused Serialized files (Serialized files now loaded: 0)
System memory in use before: 135.2 MB.
System memory in use after: 135.3 MB.

Unloading 16 unused Assets to reduce memory usage. Loaded Objects now: 3729.
Total: 3.220600 ms (FindLiveObjects: 0.344400 ms CreateObjectMapping: 0.088200 ms MarkObjects: 2.652500 ms  DeleteObjects: 0.134100 ms)

========================================================================
Received Prepare
Registering precompiled user dll's ...
Registered in 0.003853 seconds.
Begin MonoManager ReloadAssembly
Native extension for WindowsStandalone target not found
Refreshing native plugins compatible for Editor in 0.68 ms, found 1 plugins.
Preloading 0 native plugins for Editor in 0.00 ms.
Invoked RoslynAnalysisRunner static constructor.
RoslynAnalysisRunner will not be running.
RoslynAnalysisRunner has terminated.
Mono: successfully reloaded assembly
- Completed reload, in  1.253 seconds
Platform modules already initialized, skipping
Shader 'Universal Render Pipeline/Particles/Lit': fallback shader 'Universal Render Pipeline/Particles/SimpleLit' not found
Refreshing native plugins compatible for Editor in 0.63 ms, found 1 plugins.
Preloading 0 native plugins for Editor in 0.00 ms.
Unloading 3159 Unused Serialized files (Serialized files now loaded: 0)
System memory in use before: 135.2 MB.
System memory in use after: 135.3 MB.

Unloading 16 unused Assets to reduce memory usage. Loaded Objects now: 3733.
Total: 3.112900 ms (FindLiveObjects: 0.354000 ms CreateObjectMapping: 0.087200 ms MarkObjects: 2.532700 ms  DeleteObjects: 0.137600 ms)

========================================================================
Received Import Request.
  Time since last request: 338.961051 seconds.
  path: Assets/_GameAssets/Misc/Mage.cs
  artifactKey: Guid(fc5f8c479c3df204faa0c0e6d2227379) Importer(815301076,1909f56bfc062723c751e8b465ee728b)
Start importing Assets/_GameAssets/Misc/Mage.cs using Guid(fc5f8c479c3df204faa0c0e6d2227379) Importer(815301076,1909f56bfc062723c751e8b465ee728b)  -> (artifact id: '0769d0007439d34ab3bc9e2a1e2c11e0') in 0.006854 seconds
  Import took 0.012017 seconds .

========================================================================
Received Import Request.
  Time since last request: 5.516373 seconds.
  path: Assets/_GameAssets/Misc/Battle.cs
  artifactKey: Guid(494b5f0bc56b7214c9adfebfce74563d) Importer(815301076,1909f56bfc062723c751e8b465ee728b)
Start importing Assets/_GameAssets/Misc/Battle.cs using Guid(494b5f0bc56b7214c9adfebfce74563d) Importer(815301076,1909f56bfc062723c751e8b465ee728b)  -> (artifact id: '1bbd25bbdef0470902acad90a2293538') in 0.006773 seconds
  Import took 0.020626 seconds .

========================================================================
Received Prepare
Registering precompiled user dll's ...
Registered in 0.003436 seconds.
Begin MonoManager ReloadAssembly
Native extension for WindowsStandalone target not found
Refreshing native plugins compatible for Editor in 0.99 ms, found 1 plugins.
Preloading 0 native plugins for Editor in 0.00 ms.
Invoked RoslynAnalysisRunner static constructor.
RoslynAnalysisRunner will not be running.
RoslynAnalysisRunner has terminated.
Mono: successfully reloaded assembly
- Completed reload, in  1.523 seconds
Platform modules already initialized, skipping
Shader 'Universal Render Pipeline/Particles/Lit': fallback shader 'Universal Render Pipeline/Particles/SimpleLit' not found
Refreshing native plugins compatible for Editor in 1.08 ms, found 1 plugins.
Preloading 0 native plugins for Editor in 0.00 ms.
Unloading 3160 Unused Serialized files (Serialized files now loaded: 0)
System memory in use before: 135.2 MB.
System memory in use after: 135.3 MB.

Unloading 16 unused Assets to reduce memory usage. Loaded Objects now: 3738.
Total: 3.422200 ms (FindLiveObjects: 0.442600 ms CreateObjectMapping: 0.152500 ms MarkObjects: 2.678100 ms  DeleteObjects: 0.147800 ms)

========================================================================
Received Prepare
Registering precompiled user dll's ...
Registered in 0.004389 seconds.
Begin MonoManager ReloadAssembly
Native extension for WindowsStandalone target not found
Refreshing native plugins compatible for Editor in 0.63 ms, found 1 plugins.
Preloading 0 native plugins for Editor in 0.00 ms.
Invoked RoslynAnalysisRunner static constructor.
RoslynAnalysisRunner will not be running.
RoslynAnalysisRunner has terminated.
Mono: successfully reloaded assembly
- Completed reload, in  1.189 seconds
Platform modules already initialized, skipping
Shader 'Universal Render Pipeline/Particles/Lit': fallback shader 'Universal Render Pipeline/Particles/SimpleLit' not found
Refreshing native plugins compatible for Editor in 0.63 ms, found 1 plugins.
Preloading 0 native plugins for Editor in 0.00 ms.
Unloading 3160 Unused Serialized files (Serialized files now loaded: 0)
System memory in use before: 135.2 MB.
System memory in use after: 135.3 MB.

Unloading 16 unused Assets to reduce memory usage. Loaded Objects now: 3742.
Total: 4.778200 ms (FindLiveObjects: 0.461200 ms CreateObjectMapping: 0.213200 ms MarkObjects: 3.957200 ms  DeleteObjects: 0.144900 ms)

========================================================================
Received Import Request.
  Time since last request: 1758.692118 seconds.
  path: Assets/_GameAssets/Misc/IAttacker.cs
  artifactKey: Guid(c23e71558c5b7684f9ebe4fe73307b14) Importer(815301076,1909f56bfc062723c751e8b465ee728b)
Start importing Assets/_GameAssets/Misc/IAttacker.cs using Guid(c23e71558c5b7684f9ebe4fe73307b14) Importer(815301076,1909f56bfc062723c751e8b465ee728b)  -> (artifact id: '0d34bc836efcd78e1c8daec2a5ef0c96') in 0.015526 seconds
  Import took 0.027471 seconds .

========================================================================
Received Prepare
Registering precompiled user dll's ...
Registered in 0.002678 seconds.
Begin MonoManager ReloadAssembly
Native extension for WindowsStandalone target not found
Refreshing native plugins compatible for Editor in 0.68 ms, found 1 plugins.
Preloading 0 native plugins for Editor in 0.00 ms.
Invoked RoslynAnalysisRunner static constructor.
RoslynAnalysisRunner will not be running.
RoslynAnalysisRunner has terminated.
Mono: successfully reloaded assembly
- Completed reload, in  1.522 seconds
Platform modules already initialized, skipping
Shader 'Universal Render Pipeline/Particles/Lit': fallback shader 'Universal Render Pipeline/Particles/SimpleLit' not found
Refreshing native plugins compatible for Editor in 1.24 ms, found 1 plugins.
Preloading 0 native plugins for Editor in 0.00 ms.
Unloading 3161 Unused Serialized files (Serialized files now loaded: 0)
System memory in use before: 135.3 MB.
System memory in use after: 135.4 MB.

Unloading 16 unused Assets to reduce memory usage. Loaded Objects now: 3747.
Total: 3.254300 ms (FindLiveObjects: 0.339400 ms CreateObjectMapping: 0.083300 ms MarkObjects: 2.685300 ms  DeleteObjects: 0.144500 ms)

========================================================================
Received Prepare
Registering precompiled user dll's ...
Registered in 0.003378 seconds.
Begin MonoManager ReloadAssembly
Native extension for WindowsStandalone target not found
Refreshing native plugins compatible for Editor in 0.71 ms, found 1 plugins.
Preloading 0 native plugins for Editor in 0.00 ms.
Invoked RoslynAnalysisRunner static constructor.
RoslynAnalysisRunner will not be running.
RoslynAnalysisRunner has terminated.
Mono: successfully reloaded assembly
- Completed reload, in  1.174 seconds
Platform modules already initialized, skipping
Shader 'Universal Render Pipeline/Particles/Lit': fallback shader 'Universal Render Pipeline/Particles/SimpleLit' not found
Refreshing native plugins compatible for Editor in 0.65 ms, found 1 plugins.
Preloading 0 native plugins for Editor in 0.00 ms.
Unloading 3161 Unused Serialized files (Serialized files now loaded: 0)
System memory in use before: 135.3 MB.
System memory in use after: 135.4 MB.

Unloading 16 unused Assets to reduce memory usage. Loaded Objects now: 3751.
Total: 5.204000 ms (FindLiveObjects: 0.958200 ms CreateObjectMapping: 0.470700 ms MarkObjects: 3.596400 ms  DeleteObjects: 0.176200 ms)

========================================================================
Received Import Request.
  Time since last request: 1163.910534 seconds.
  path: Assets/_GameAssets/Misc/IAttacker.cs
  artifactKey: Guid(c23e71558c5b7684f9ebe4fe73307b14) Importer(815301076,1909f56bfc062723c751e8b465ee728b)
Start importing Assets/_GameAssets/Misc/IAttacker.cs using Guid(c23e71558c5b7684f9ebe4fe73307b14) Importer(815301076,1909f56bfc062723c751e8b465ee728b)  -> (artifact id: '7ecfd22922d131a4c20aff7603a17228') in 0.009122 seconds
  Import took 0.014659 seconds .

========================================================================
Received Import Request.
  Time since last request: 46.521154 seconds.
  path: Assets/_GameAssets/Scripts/TopDownMovement.cs
  artifactKey: Guid(2bfcff457694e2449b582c27eefa7cae) Importer(815301076,1909f56bfc062723c751e8b465ee728b)
Start importing Assets/_GameAssets/Scripts/TopDownMovement.cs using Guid(2bfcff457694e2449b582c27eefa7cae) Importer(815301076,1909f56bfc062723c751e8b465ee728b)  -> (artifact id: 'c7c3b37815402629f41b399713217c02') in 0.003296 seconds
  Import took 0.013704 seconds .

========================================================================
Received Prepare
Registering precompiled user dll's ...
Registered in 0.003111 seconds.
Begin MonoManager ReloadAssembly
Native extension for WindowsStandalone target not found
Refreshing native plugins compatible for Editor in 0.92 ms, found 1 plugins.
Preloading 0 native plugins for Editor in 0.00 ms.
Invoked RoslynAnalysisRunner static constructor.
RoslynAnalysisRunner will not be running.
RoslynAnalysisRunner has terminated.
Mono: successfully reloaded assembly
- Completed reload, in  1.704 seconds
Platform modules already initialized, skipping
Shader 'Universal Render Pipeline/Particles/Lit': fallback shader 'Universal Render Pipeline/Particles/SimpleLit' not found
Refreshing native plugins compatible for Editor in 0.63 ms, found 1 plugins.
Preloading 0 native plugins for Editor in 0.00 ms.
Unloading 3162 Unused Serialized files (Serialized files now loaded: 0)
System memory in use before: 135.3 MB.
System memory in use after: 135.4 MB.

Unloading 16 unused Assets to reduce memory usage. Loaded Objects now: 3756.
Total: 3.534200 ms (FindLiveObjects: 0.357000 ms CreateObjectMapping: 0.087900 ms MarkObjects: 2.929100 ms  DeleteObjects: 0.158500 ms)

========================================================================
Received Prepare
Registering precompiled user dll's ...
Registered in 0.004820 seconds.
Begin MonoManager ReloadAssembly
Native extension for WindowsStandalone target not found
Refreshing native plugins compatible for Editor in 0.73 ms, found 1 plugins.
Preloading 0 native plugins for Editor in 0.00 ms.
Invoked RoslynAnalysisRunner static constructor.
RoslynAnalysisRunner will not be running.
RoslynAnalysisRunner has terminated.
Mono: successfully reloaded assembly
- Completed reload, in  1.181 seconds
Platform modules already initialized, skipping
Shader 'Universal Render Pipeline/Particles/Lit': fallback shader 'Universal Render Pipeline/Particles/SimpleLit' not found
Refreshing native plugins compatible for Editor in 0.71 ms, found 1 plugins.
Preloading 0 native plugins for Editor in 0.00 ms.
Unloading 3162 Unused Serialized files (Serialized files now loaded: 0)
System memory in use before: 135.3 MB.
System memory in use after: 135.4 MB.

Unloading 16 unused Assets to reduce memory usage. Loaded Objects now: 3760.
Total: 3.518000 ms (FindLiveObjects: 0.528700 ms CreateObjectMapping: 0.249100 ms MarkObjects: 2.599800 ms  DeleteObjects: 0.139000 ms)

========================================================================
Received Import Request.
  Time since last request: 458.107902 seconds.
  path: Assets/_GameAssets/Scripts/TopDownMovement.cs
  artifactKey: Guid(2bfcff457694e2449b582c27eefa7cae) Importer(815301076,1909f56bfc062723c751e8b465ee728b)
Start importing Assets/_GameAssets/Scripts/TopDownMovement.cs using Guid(2bfcff457694e2449b582c27eefa7cae) Importer(815301076,1909f56bfc062723c751e8b465ee728b)  -> (artifact id: '1a41238794edb53981c0b80fb6284875') in 0.007020 seconds
  Import took 0.012701 seconds .

========================================================================
Received Import Request.
  Time since last request: 6.489991 seconds.
  path: Assets/_GameAssets/Scripts/KeyboardControl.cs
  artifactKey: Guid(6b3de71d65a54a8478bab03b1091f9c4) Importer(815301076,1909f56bfc062723c751e8b465ee728b)
Start importing Assets/_GameAssets/Scripts/KeyboardControl.cs using Guid(6b3de71d65a54a8478bab03b1091f9c4) Importer(815301076,1909f56bfc062723c751e8b465ee728b)  -> (artifact id: '13fc722d7a02c523fe48322e1686379e') in 0.006332 seconds
  Import took 0.019238 seconds .

========================================================================
Received Prepare
Registering precompiled user dll's ...
Registered in 0.003443 seconds.
Begin MonoManager ReloadAssembly
Native extension for WindowsStandalone target not found
Refreshing native plugins compatible for Editor in 0.63 ms, found 1 plugins.
Preloading 0 native plugins for Editor in 0.00 ms.
Invoked RoslynAnalysisRunner static constructor.
RoslynAnalysisRunner will not be running.
RoslynAnalysisRunner has terminated.
Mono: successfully reloaded assembly
- Completed reload, in  1.406 seconds
Platform modules already initialized, skipping
Shader 'Universal Render Pipeline/Particles/Lit': fallback shader 'Universal Render Pipeline/Particles/SimpleLit' not found
Refreshing native plugins compatible for Editor in 0.76 ms, found 1 plugins.
Preloading 0 native plugins for Editor in 0.00 ms.
Unloading 3163 Unused Serialized files (Serialized files now loaded: 0)
System memory in use before: 135.3 MB.
System memory in use after: 135.5 MB.

Unloading 16 unused Assets to reduce memory usage. Loaded Objects now: 3765.
Total: 2.941200 ms (FindLiveObjects: 0.341100 ms CreateObjectMapping: 0.087300 ms MarkObjects: 2.329500 ms  DeleteObjects: 0.181600 ms)

========================================================================
Received Prepare
Registering precompiled user dll's ...
Registered in 0.003132 seconds.
Begin MonoManager ReloadAssembly
Native extension for WindowsStandalone target not found
Refreshing native plugins compatible for Editor in 0.64 ms, found 1 plugins.
Preloading 0 native plugins for Editor in 0.00 ms.
Invoked RoslynAnalysisRunner static constructor.
RoslynAnalysisRunner will not be running.
RoslynAnalysisRunner has terminated.
Mono: successfully reloaded assembly
- Completed reload, in  1.152 seconds
Platform modules already initialized, skipping
Shader 'Universal Render Pipeline/Particles/Lit': fallback shader 'Universal Render Pipeline/Particles/SimpleLit' not found
Refreshing native plugins compatible for Editor in 0.66 ms, found 1 plugins.
Preloading 0 native plugins for Editor in 0.00 ms.
Unloading 3163 Unused Serialized files (Serialized files now loaded: 0)
System memory in use before: 135.3 MB.
System memory in use after: 135.5 MB.

Unloading 16 unused Assets to reduce memory usage. Loaded Objects now: 3769.
Total: 3.368400 ms (FindLiveObjects: 0.448300 ms CreateObjectMapping: 0.171300 ms MarkObjects: 2.583000 ms  DeleteObjects: 0.163600 ms)

========================================================================
Received Import Request.
  Time since last request: 255.794111 seconds.
  path: Assets/_GameAssets/Scripts/KeyboardControl.cs
  artifactKey: Guid(6b3de71d65a54a8478bab03b1091f9c4) Importer(815301076,1909f56bfc062723c751e8b465ee728b)
Start importing Assets/_GameAssets/Scripts/KeyboardControl.cs using Guid(6b3de71d65a54a8478bab03b1091f9c4) Importer(815301076,1909f56bfc062723c751e8b465ee728b)  -> (artifact id: '4a22bbd06f911109a2a400cbd241e259') in 0.009619 seconds
  Import took 0.016457 seconds .

========================================================================
Received Import Request.
  Time since last request: 3.377239 seconds.
  path: Assets/_GameAssets/Scripts/KeyboardController.cs
  artifactKey: Guid(6b3de71d65a54a8478bab03b1091f9c4) Importer(815301076,1909f56bfc062723c751e8b465ee728b)
Start importing Assets/_GameAssets/Scripts/KeyboardController.cs using Guid(6b3de71d65a54a8478bab03b1091f9c4) Importer(815301076,1909f56bfc062723c751e8b465ee728b)  -> (artifact id: 'eb3f4328190006d3432cb66aa516a70b') in 0.009777 seconds
  Import took 0.027200 seconds .

========================================================================
Received Prepare
Registering precompiled user dll's ...
Registered in 0.002664 seconds.
Begin MonoManager ReloadAssembly
Native extension for WindowsStandalone target not found
Refreshing native plugins compatible for Editor in 1.05 ms, found 1 plugins.
Preloading 0 native plugins for Editor in 0.00 ms.
Invoked RoslynAnalysisRunner static constructor.
RoslynAnalysisRunner will not be running.
RoslynAnalysisRunner has terminated.
Mono: successfully reloaded assembly
- Completed reload, in  1.285 seconds
Platform modules already initialized, skipping
Shader 'Universal Render Pipeline/Particles/Lit': fallback shader 'Universal Render Pipeline/Particles/SimpleLit' not found
Refreshing native plugins compatible for Editor in 1.45 ms, found 1 plugins.
Preloading 0 native plugins for Editor in 0.00 ms.
Unloading 3163 Unused Serialized files (Serialized files now loaded: 0)
System memory in use before: 135.4 MB.
System memory in use after: 135.5 MB.

Unloading 16 unused Assets to reduce memory usage. Loaded Objects now: 3773.
Total: 3.851900 ms (FindLiveObjects: 0.420500 ms CreateObjectMapping: 0.215200 ms MarkObjects: 3.041500 ms  DeleteObjects: 0.172000 ms)

========================================================================
Received Prepare
Registering precompiled user dll's ...
Registered in 0.003384 seconds.
Begin MonoManager ReloadAssembly
Native extension for WindowsStandalone target not found
Refreshing native plugins compatible for Editor in 0.71 ms, found 1 plugins.
Preloading 0 native plugins for Editor in 0.00 ms.
Invoked RoslynAnalysisRunner static constructor.
RoslynAnalysisRunner will not be running.
RoslynAnalysisRunner has terminated.
Mono: successfully reloaded assembly
- Completed reload, in  1.179 seconds
Platform modules already initialized, skipping
Shader 'Universal Render Pipeline/Particles/Lit': fallback shader 'Universal Render Pipeline/Particles/SimpleLit' not found
Refreshing native plugins compatible for Editor in 0.68 ms, found 1 plugins.
Preloading 0 native plugins for Editor in 0.00 ms.
Unloading 3164 Unused Serialized files (Serialized files now loaded: 0)
System memory in use before: 135.4 MB.
System memory in use after: 135.5 MB.

Unloading 16 unused Assets to reduce memory usage. Loaded Objects now: 3778.
Total: 3.108400 ms (FindLiveObjects: 0.362200 ms CreateObjectMapping: 0.091700 ms MarkObjects: 2.518700 ms  DeleteObjects: 0.134600 ms)

========================================================================
Received Import Request.
  Time since last request: 19.525270 seconds.
  path: Assets/_GameAssets/Scripts/ChaseController.cs
  artifactKey: Guid(100609b47338a244b9c126258ca418de) Importer(815301076,1909f56bfc062723c751e8b465ee728b)
Start importing Assets/_GameAssets/Scripts/ChaseController.cs using Guid(100609b47338a244b9c126258ca418de) Importer(815301076,1909f56bfc062723c751e8b465ee728b)  -> (artifact id: '48aed0ee4bd0ce5e4472737f7ebcad43') in 0.010043 seconds
  Import took 0.019250 seconds .

========================================================================
Received Prepare
Registering precompiled user dll's ...
Registered in 0.002661 seconds.
Begin MonoManager ReloadAssembly
Native extension for WindowsStandalone target not found
Refreshing native plugins compatible for Editor in 1.01 ms, found 1 plugins.
Preloading 0 native plugins for Editor in 0.00 ms.
Invoked RoslynAnalysisRunner static constructor.
RoslynAnalysisRunner will not be running.
RoslynAnalysisRunner has terminated.
Mono: successfully reloaded assembly
- Completed reload, in  1.492 seconds
Platform modules already initialized, skipping
Shader 'Universal Render Pipeline/Particles/Lit': fallback shader 'Universal Render Pipeline/Particles/SimpleLit' not found
Refreshing native plugins compatible for Editor in 0.68 ms, found 1 plugins.
Preloading 0 native plugins for Editor in 0.00 ms.
Unloading 3165 Unused Serialized files (Serialized files now loaded: 0)
System memory in use before: 135.4 MB.
System memory in use after: 135.5 MB.

Unloading 16 unused Assets to reduce memory usage. Loaded Objects now: 3783.
Total: 3.398400 ms (FindLiveObjects: 0.419200 ms CreateObjectMapping: 0.141700 ms MarkObjects: 2.688100 ms  DeleteObjects: 0.147900 ms)

========================================================================
Received Prepare
Registering precompiled user dll's ...
Registered in 0.004734 seconds.
Begin MonoManager ReloadAssembly
Native extension for WindowsStandalone target not found
Refreshing native plugins compatible for Editor in 0.68 ms, found 1 plugins.
Preloading 0 native plugins for Editor in 0.00 ms.
Invoked RoslynAnalysisRunner static constructor.
RoslynAnalysisRunner will not be running.
RoslynAnalysisRunner has terminated.
Mono: successfully reloaded assembly
- Completed reload, in  1.237 seconds
Platform modules already initialized, skipping
Shader 'Universal Render Pipeline/Particles/Lit': fallback shader 'Universal Render Pipeline/Particles/SimpleLit' not found
Refreshing native plugins compatible for Editor in 0.70 ms, found 1 plugins.
Preloading 0 native plugins for Editor in 0.00 ms.
Unloading 3165 Unused Serialized files (Serialized files now loaded: 0)
System memory in use before: 135.4 MB.
System memory in use after: 135.5 MB.

Unloading 16 unused Assets to reduce memory usage. Loaded Objects now: 3787.
Total: 4.057500 ms (FindLiveObjects: 0.492200 ms CreateObjectMapping: 0.267800 ms MarkObjects: 3.152100 ms  DeleteObjects: 0.143300 ms)

========================================================================
Received Import Request.
  Time since last request: 949.000114 seconds.
  path: Assets/_GameAssets/Scripts/ChaseController.cs
  artifactKey: Guid(100609b47338a244b9c126258ca418de) Importer(815301076,1909f56bfc062723c751e8b465ee728b)
Start importing Assets/_GameAssets/Scripts/ChaseController.cs using Guid(100609b47338a244b9c126258ca418de) Importer(815301076,1909f56bfc062723c751e8b465ee728b)  -> (artifact id: '36d38d8e03639c5e7a8ac39388688828') in 0.007592 seconds
  Import took 0.013266 seconds .

========================================================================
Received Import Request.
  Time since last request: 6.501558 seconds.
  path: Assets/_GameAssets/Scripts/IController.cs
  artifactKey: Guid(43261e6370039bb42b4f69287e893205) Importer(815301076,1909f56bfc062723c751e8b465ee728b)
Start importing Assets/_GameAssets/Scripts/IController.cs using Guid(43261e6370039bb42b4f69287e893205) Importer(815301076,1909f56bfc062723c751e8b465ee728b)  -> (artifact id: '0c44e0995fc3ca6a6fe46b05e80c611f') in 0.006049 seconds
  Import took 0.017657 seconds .

========================================================================
Received Prepare
Registering precompiled user dll's ...
Registered in 0.002650 seconds.
Begin MonoManager ReloadAssembly
Native extension for WindowsStandalone target not found
Refreshing native plugins compatible for Editor in 2.51 ms, found 1 plugins.
Preloading 0 native plugins for Editor in 0.00 ms.
Invoked RoslynAnalysisRunner static constructor.
RoslynAnalysisRunner will not be running.
RoslynAnalysisRunner has terminated.
Mono: successfully reloaded assembly
- Completed reload, in  1.604 seconds
Platform modules already initialized, skipping
Shader 'Universal Render Pipeline/Particles/Lit': fallback shader 'Universal Render Pipeline/Particles/SimpleLit' not found
Refreshing native plugins compatible for Editor in 0.64 ms, found 1 plugins.
Preloading 0 native plugins for Editor in 0.00 ms.
Unloading 3166 Unused Serialized files (Serialized files now loaded: 0)
System memory in use before: 135.4 MB.
System memory in use after: 135.6 MB.

Unloading 16 unused Assets to reduce memory usage. Loaded Objects now: 3792.
Total: 3.210500 ms (FindLiveObjects: 0.412400 ms CreateObjectMapping: 0.222200 ms MarkObjects: 2.438100 ms  DeleteObjects: 0.136600 ms)

========================================================================
Received Prepare
Registering precompiled user dll's ...
Registered in 0.003213 seconds.
Begin MonoManager ReloadAssembly
Native extension for WindowsStandalone target not found
Refreshing native plugins compatible for Editor in 0.65 ms, found 1 plugins.
Preloading 0 native plugins for Editor in 0.00 ms.
Invoked RoslynAnalysisRunner static constructor.
RoslynAnalysisRunner will not be running.
RoslynAnalysisRunner has terminated.
Mono: successfully reloaded assembly
- Completed reload, in  1.271 seconds
Platform modules already initialized, skipping
Shader 'Universal Render Pipeline/Particles/Lit': fallback shader 'Universal Render Pipeline/Particles/SimpleLit' not found
Refreshing native plugins compatible for Editor in 0.67 ms, found 1 plugins.
Preloading 0 native plugins for Editor in 0.00 ms.
Unloading 3166 Unused Serialized files (Serialized files now loaded: 0)
System memory in use before: 135.5 MB.
System memory in use after: 135.6 MB.

Unloading 16 unused Assets to reduce memory usage. Loaded Objects now: 3796.
Total: 3.421200 ms (FindLiveObjects: 0.354200 ms CreateObjectMapping: 0.096400 ms MarkObjects: 2.801000 ms  DeleteObjects: 0.168200 ms)

========================================================================
Received Import Request.
  Time since last request: 407.601165 seconds.
  path: Assets/_GameAssets/Scripts/IController.cs
  artifactKey: Guid(43261e6370039bb42b4f69287e893205) Importer(815301076,1909f56bfc062723c751e8b465ee728b)
Start importing Assets/_GameAssets/Scripts/IController.cs using Guid(43261e6370039bb42b4f69287e893205) Importer(815301076,1909f56bfc062723c751e8b465ee728b)  -> (artifact id: '7af3b76080dd541db3d22464dbb7905f') in 0.008858 seconds
  Import took 0.014207 seconds .

========================================================================
Received Prepare
Registering precompiled user dll's ...
Registered in 0.002714 seconds.
Begin MonoManager ReloadAssembly
Native extension for WindowsStandalone target not found
Refreshing native plugins compatible for Editor in 0.73 ms, found 1 plugins.
Preloading 0 native plugins for Editor in 0.00 ms.
Invoked RoslynAnalysisRunner static constructor.
RoslynAnalysisRunner will not be running.
RoslynAnalysisRunner has terminated.
Mono: successfully reloaded assembly
- Completed reload, in  1.359 seconds
Platform modules already initialized, skipping
Shader 'Universal Render Pipeline/Particles/Lit': fallback shader 'Universal Render Pipeline/Particles/SimpleLit' not found
Refreshing native plugins compatible for Editor in 0.67 ms, found 1 plugins.
Preloading 0 native plugins for Editor in 0.00 ms.
Unloading 3166 Unused Serialized files (Serialized files now loaded: 0)
System memory in use before: 135.5 MB.
System memory in use after: 135.6 MB.

Unloading 16 unused Assets to reduce memory usage. Loaded Objects now: 3800.
Total: 3.679100 ms (FindLiveObjects: 0.550000 ms CreateObjectMapping: 0.129600 ms MarkObjects: 2.845000 ms  DeleteObjects: 0.152600 ms)

========================================================================
Received Prepare
Registering precompiled user dll's ...
Registered in 0.003690 seconds.
Begin MonoManager ReloadAssembly
Native extension for WindowsStandalone target not found
Refreshing native plugins compatible for Editor in 0.66 ms, found 1 plugins.
Preloading 0 native plugins for Editor in 0.00 ms.
Invoked RoslynAnalysisRunner static constructor.
RoslynAnalysisRunner will not be running.
RoslynAnalysisRunner has terminated.
Mono: successfully reloaded assembly
- Completed reload, in  1.226 seconds
Platform modules already initialized, skipping
Shader 'Universal Render Pipeline/Particles/Lit': fallback shader 'Universal Render Pipeline/Particles/SimpleLit' not found
Refreshing native plugins compatible for Editor in 0.92 ms, found 1 plugins.
Preloading 0 native plugins for Editor in 0.00 ms.
Unloading 3166 Unused Serialized files (Serialized files now loaded: 0)
System memory in use before: 135.5 MB.
System memory in use after: 135.6 MB.

Unloading 16 unused Assets to reduce memory usage. Loaded Objects now: 3804.
Total: 3.736700 ms (FindLiveObjects: 0.431100 ms CreateObjectMapping: 0.225500 ms MarkObjects: 2.924700 ms  DeleteObjects: 0.154100 ms)

========================================================================
Received Import Request.
  Time since last request: 143.920787 seconds.
  path: Assets/_GameAssets/Scripts/KeyboardControl.cs
  artifactKey: Guid(a9919d7af0642d8458421826a07e8509) Importer(815301076,1909f56bfc062723c751e8b465ee728b)
Start importing Assets/_GameAssets/Scripts/KeyboardControl.cs using Guid(a9919d7af0642d8458421826a07e8509) Importer(815301076,1909f56bfc062723c751e8b465ee728b)  -> (artifact id: '4c7f56ebc7ac52dae99cef16facc5134') in 0.007570 seconds
  Import took 0.013105 seconds .

========================================================================
Received Import Request.
  Time since last request: 0.442390 seconds.
  path: Assets/_GameAssets/Scripts/KeyboardController.cs
  artifactKey: Guid(6b3de71d65a54a8478bab03b1091f9c4) Importer(815301076,1909f56bfc062723c751e8b465ee728b)
Start importing Assets/_GameAssets/Scripts/KeyboardController.cs using Guid(6b3de71d65a54a8478bab03b1091f9c4) Importer(815301076,1909f56bfc062723c751e8b465ee728b)  -> (artifact id: '462529e8352e333f1ceb8f00986b43a8') in 0.003171 seconds
  Import took 0.010849 seconds .

========================================================================
Received Import Request.
  Time since last request: 0.001342 seconds.
  path: Assets/_GameAssets/Scripts/KeyboardController.cs
  artifactKey: Guid(6b3de71d65a54a8478bab03b1091f9c4) Importer(815301076,1909f56bfc062723c751e8b465ee728b)
Start importing Assets/_GameAssets/Scripts/KeyboardController.cs using Guid(6b3de71d65a54a8478bab03b1091f9c4) Importer(815301076,1909f56bfc062723c751e8b465ee728b)  -> (artifact id: '462529e8352e333f1ceb8f00986b43a8') in 0.002609 seconds
  Import took 0.007990 seconds .

========================================================================
Received Prepare
Registering precompiled user dll's ...
Registered in 0.003471 seconds.
Begin MonoManager ReloadAssembly
Native extension for WindowsStandalone target not found
Refreshing native plugins compatible for Editor in 0.64 ms, found 1 plugins.
Preloading 0 native plugins for Editor in 0.00 ms.
Invoked RoslynAnalysisRunner static constructor.
RoslynAnalysisRunner will not be running.
RoslynAnalysisRunner has terminated.
Mono: successfully reloaded assembly
- Completed reload, in  1.202 seconds
Platform modules already initialized, skipping
Shader 'Universal Render Pipeline/Particles/Lit': fallback shader 'Universal Render Pipeline/Particles/SimpleLit' not found
Refreshing native plugins compatible for Editor in 0.64 ms, found 1 plugins.
Preloading 0 native plugins for Editor in 0.00 ms.
Unloading 3165 Unused Serialized files (Serialized files now loaded: 0)
System memory in use before: 135.5 MB.
System memory in use after: 135.6 MB.

Unloading 17 unused Assets to reduce memory usage. Loaded Objects now: 3807.
Total: 3.365200 ms (FindLiveObjects: 0.369300 ms CreateObjectMapping: 0.090200 ms MarkObjects: 2.764300 ms  DeleteObjects: 0.140100 ms)

========================================================================
Received Prepare
Registering precompiled user dll's ...
Registered in 0.002658 seconds.
Begin MonoManager ReloadAssembly
Native extension for WindowsStandalone target not found
Refreshing native plugins compatible for Editor in 0.70 ms, found 1 plugins.
Preloading 0 native plugins for Editor in 0.00 ms.
Invoked RoslynAnalysisRunner static constructor.
RoslynAnalysisRunner will not be running.
RoslynAnalysisRunner has terminated.
Mono: successfully reloaded assembly
- Completed reload, in  1.217 seconds
Platform modules already initialized, skipping
Shader 'Universal Render Pipeline/Particles/Lit': fallback shader 'Universal Render Pipeline/Particles/SimpleLit' not found
Refreshing native plugins compatible for Editor in 0.79 ms, found 1 plugins.
Preloading 0 native plugins for Editor in 0.00 ms.
Unloading 3165 Unused Serialized files (Serialized files now loaded: 0)
System memory in use before: 135.5 MB.
System memory in use after: 135.6 MB.

Unloading 16 unused Assets to reduce memory usage. Loaded Objects now: 3811.
Total: 3.970200 ms (FindLiveObjects: 0.384900 ms CreateObjectMapping: 0.186400 ms MarkObjects: 3.245800 ms  DeleteObjects: 0.151300 ms)

========================================================================
Received Prepare
Registering precompiled user dll's ...
Registered in 0.003538 seconds.
Begin MonoManager ReloadAssembly
Native extension for WindowsStandalone target not found
Refreshing native plugins compatible for Editor in 0.94 ms, found 1 plugins.
Preloading 0 native plugins for Editor in 0.00 ms.
Invoked RoslynAnalysisRunner static constructor.
RoslynAnalysisRunner will not be running.
RoslynAnalysisRunner has terminated.
Mono: successfully reloaded assembly
- Completed reload, in  1.448 seconds
Platform modules already initialized, skipping
Shader 'Universal Render Pipeline/Particles/Lit': fallback shader 'Universal Render Pipeline/Particles/SimpleLit' not found
Refreshing native plugins compatible for Editor in 0.65 ms, found 1 plugins.
Preloading 0 native plugins for Editor in 0.00 ms.
Unloading 3165 Unused Serialized files (Serialized files now loaded: 0)
System memory in use before: 135.5 MB.
System memory in use after: 135.6 MB.

Unloading 16 unused Assets to reduce memory usage. Loaded Objects now: 3815.
Total: 3.259700 ms (FindLiveObjects: 0.376900 ms CreateObjectMapping: 0.115700 ms MarkObjects: 2.628200 ms  DeleteObjects: 0.137600 ms)

========================================================================
Received Prepare
Registering precompiled user dll's ...
Registered in 0.003205 seconds.
Begin MonoManager ReloadAssembly
Native extension for WindowsStandalone target not found
Refreshing native plugins compatible for Editor in 0.63 ms, found 1 plugins.
Preloading 0 native plugins for Editor in 0.00 ms.
Invoked RoslynAnalysisRunner static constructor.
RoslynAnalysisRunner will not be running.
RoslynAnalysisRunner has terminated.
Mono: successfully reloaded assembly
- Completed reload, in  1.484 seconds
Platform modules already initialized, skipping
Shader 'Universal Render Pipeline/Particles/Lit': fallback shader 'Universal Render Pipeline/Particles/SimpleLit' not found
Refreshing native plugins compatible for Editor in 0.75 ms, found 1 plugins.
Preloading 0 native plugins for Editor in 0.00 ms.
Unloading 3165 Unused Serialized files (Serialized files now loaded: 0)
System memory in use before: 135.5 MB.
System memory in use after: 135.6 MB.

Unloading 16 unused Assets to reduce memory usage. Loaded Objects now: 3819.
Total: 3.260400 ms (FindLiveObjects: 0.368400 ms CreateObjectMapping: 0.127700 ms MarkObjects: 2.625200 ms  DeleteObjects: 0.137800 ms)

========================================================================
Received Prepare
Registering precompiled user dll's ...
Registered in 0.002861 seconds.
Begin MonoManager ReloadAssembly
Native extension for WindowsStandalone target not found
Refreshing native plugins compatible for Editor in 0.67 ms, found 1 plugins.
Preloading 0 native plugins for Editor in 0.00 ms.
Invoked RoslynAnalysisRunner static constructor.
RoslynAnalysisRunner will not be running.
RoslynAnalysisRunner has terminated.
Mono: successfully reloaded assembly
- Completed reload, in  1.334 seconds
Platform modules already initialized, skipping
Shader 'Universal Render Pipeline/Particles/Lit': fallback shader 'Universal Render Pipeline/Particles/SimpleLit' not found
Refreshing native plugins compatible for Editor in 0.62 ms, found 1 plugins.
Preloading 0 native plugins for Editor in 0.00 ms.
Unloading 3165 Unused Serialized files (Serialized files now loaded: 0)
System memory in use before: 135.5 MB.
System memory in use after: 135.6 MB.

Unloading 16 unused Assets to reduce memory usage. Loaded Objects now: 3823.
Total: 5.487100 ms (FindLiveObjects: 0.782800 ms CreateObjectMapping: 0.528100 ms MarkObjects: 3.922300 ms  DeleteObjects: 0.250800 ms)

========================================================================
Received Prepare
Registering precompiled user dll's ...
Registered in 0.003331 seconds.
Begin MonoManager ReloadAssembly
Native extension for WindowsStandalone target not found
Refreshing native plugins compatible for Editor in 0.62 ms, found 1 plugins.
Preloading 0 native plugins for Editor in 0.00 ms.
Invoked RoslynAnalysisRunner static constructor.
RoslynAnalysisRunner will not be running.
RoslynAnalysisRunner has terminated.
Mono: successfully reloaded assembly
- Completed reload, in  1.360 seconds
Platform modules already initialized, skipping
Shader 'Universal Render Pipeline/Particles/Lit': fallback shader 'Universal Render Pipeline/Particles/SimpleLit' not found
Refreshing native plugins compatible for Editor in 0.68 ms, found 1 plugins.
Preloading 0 native plugins for Editor in 0.00 ms.
Unloading 3165 Unused Serialized files (Serialized files now loaded: 0)
System memory in use before: 135.5 MB.
System memory in use after: 135.6 MB.

Unloading 16 unused Assets to reduce memory usage. Loaded Objects now: 3827.
Total: 3.434900 ms (FindLiveObjects: 0.380000 ms CreateObjectMapping: 0.168100 ms MarkObjects: 2.744200 ms  DeleteObjects: 0.141600 ms)

========================================================================
Received Prepare
Registering precompiled user dll's ...
Registered in 0.002818 seconds.
Begin MonoManager ReloadAssembly
Native extension for WindowsStandalone target not found
Refreshing native plugins compatible for Editor in 0.64 ms, found 1 plugins.
Preloading 0 native plugins for Editor in 0.00 ms.
Invoked RoslynAnalysisRunner static constructor.
RoslynAnalysisRunner will not be running.
RoslynAnalysisRunner has terminated.
Mono: successfully reloaded assembly
- Completed reload, in  1.285 seconds
Platform modules already initialized, skipping
Shader 'Universal Render Pipeline/Particles/Lit': fallback shader 'Universal Render Pipeline/Particles/SimpleLit' not found
Refreshing native plugins compatible for Editor in 0.63 ms, found 1 plugins.
Preloading 0 native plugins for Editor in 0.00 ms.
Unloading 3165 Unused Serialized files (Serialized files now loaded: 0)
System memory in use before: 135.5 MB.
System memory in use after: 135.7 MB.

Unloading 16 unused Assets to reduce memory usage. Loaded Objects now: 3831.
Total: 4.820700 ms (FindLiveObjects: 0.518100 ms CreateObjectMapping: 0.351200 ms MarkObjects: 3.767800 ms  DeleteObjects: 0.182200 ms)

========================================================================
Received Prepare
Registering precompiled user dll's ...
Registered in 0.003308 seconds.
Begin MonoManager ReloadAssembly
Native extension for WindowsStandalone target not found
Refreshing native plugins compatible for Editor in 0.65 ms, found 1 plugins.
Preloading 0 native plugins for Editor in 0.00 ms.
Invoked RoslynAnalysisRunner static constructor.
RoslynAnalysisRunner will not be running.
RoslynAnalysisRunner has terminated.
Mono: successfully reloaded assembly
- Completed reload, in  1.340 seconds
Platform modules already initialized, skipping
Shader 'Universal Render Pipeline/Particles/Lit': fallback shader 'Universal Render Pipeline/Particles/SimpleLit' not found
Refreshing native plugins compatible for Editor in 0.67 ms, found 1 plugins.
Preloading 0 native plugins for Editor in 0.00 ms.
Unloading 3165 Unused Serialized files (Serialized files now loaded: 0)
System memory in use before: 135.5 MB.
System memory in use after: 135.7 MB.

Unloading 16 unused Assets to reduce memory usage. Loaded Objects now: 3835.
Total: 6.430700 ms (FindLiveObjects: 0.929800 ms CreateObjectMapping: 0.456700 ms MarkObjects: 4.808000 ms  DeleteObjects: 0.233700 ms)

========================================================================
Received Prepare
Registering precompiled user dll's ...
Registered in 0.002809 seconds.
Begin MonoManager ReloadAssembly
Native extension for WindowsStandalone target not found
Refreshing native plugins compatible for Editor in 0.68 ms, found 1 plugins.
Preloading 0 native plugins for Editor in 0.00 ms.
Invoked RoslynAnalysisRunner static constructor.
RoslynAnalysisRunner will not be running.
RoslynAnalysisRunner has terminated.
Mono: successfully reloaded assembly
- Completed reload, in  1.237 seconds
Platform modules already initialized, skipping
Shader 'Universal Render Pipeline/Particles/Lit': fallback shader 'Universal Render Pipeline/Particles/SimpleLit' not found
Refreshing native plugins compatible for Editor in 0.71 ms, found 1 plugins.
Preloading 0 native plugins for Editor in 0.00 ms.
Unloading 3165 Unused Serialized files (Serialized files now loaded: 0)
System memory in use before: 135.6 MB.
System memory in use after: 135.7 MB.

Unloading 16 unused Assets to reduce memory usage. Loaded Objects now: 3839.
Total: 3.940400 ms (FindLiveObjects: 0.804300 ms CreateObjectMapping: 0.422600 ms MarkObjects: 2.571100 ms  DeleteObjects: 0.141000 ms)

AssetImportWorkerClient::OnTransportError - code=2 error=End of file
